Started GET "/" for ::1 at 2020-07-07 11:27:58 -0500
  [1m[35m (3.1ms)[0m  [1m[34mSELECT "schema_migrations"."version" FROM "schema_migrations" ORDER BY "schema_migrations"."version" ASC[0m
Processing by Rails::WelcomeController#index as HTML
  Rendering /Users/lilirodriguez/.rvm/gems/ruby-2.6.1/gems/railties-6.0.3.2/lib/rails/templates/rails/welcome/index.html.erb
  Rendered /Users/lilirodriguez/.rvm/gems/ruby-2.6.1/gems/railties-6.0.3.2/lib/rails/templates/rails/welcome/index.html.erb (Duration: 42.6ms | Allocations: 424)
Completed 200 OK in 94ms (Views: 73.8ms | ActiveRecord: 0.0ms | Allocations: 2219)


Started GET "/api/v1/categories" for ::1 at 2020-07-07 11:34:18 -0500
Processing by Api::V1::CategoriesController#index as */*
[active_model_serializers] Rendered ActiveModel::Serializer::Null with Hash (0.57ms)
Filter chain halted as :logged_in? rendered or redirected
Completed 200 OK in 10ms (Views: 8.9ms | ActiveRecord: 0.0ms | Allocations: 759)


Started GET "/api/v1/login" for ::1 at 2020-07-07 13:53:26 -0500
  
ActionController::RoutingError (No route matches [GET] "/api/v1/login"):
  
actionpack (6.0.3.2) lib/action_dispatch/middleware/debug_exceptions.rb:36:in `call'
actionpack (6.0.3.2) lib/action_dispatch/middleware/show_exceptions.rb:33:in `call'
railties (6.0.3.2) lib/rails/rack/logger.rb:37:in `call_app'
railties (6.0.3.2) lib/rails/rack/logger.rb:26:in `block in call'
activesupport (6.0.3.2) lib/active_support/tagged_logging.rb:80:in `block in tagged'
activesupport (6.0.3.2) lib/active_support/tagged_logging.rb:28:in `tagged'
activesupport (6.0.3.2) lib/active_support/tagged_logging.rb:80:in `tagged'
railties (6.0.3.2) lib/rails/rack/logger.rb:26:in `call'
actionpack (6.0.3.2) lib/action_dispatch/middleware/remote_ip.rb:81:in `call'
actionpack (6.0.3.2) lib/action_dispatch/middleware/request_id.rb:27:in `call'
rack (2.2.3) lib/rack/runtime.rb:22:in `call'
activesupport (6.0.3.2) lib/active_support/cache/strategy/local_cache_middleware.rb:29:in `call'
actionpack (6.0.3.2) lib/action_dispatch/middleware/executor.rb:14:in `call'
actionpack (6.0.3.2) lib/action_dispatch/middleware/static.rb:126:in `call'
rack (2.2.3) lib/rack/sendfile.rb:110:in `call'
actionpack (6.0.3.2) lib/action_dispatch/middleware/host_authorization.rb:82:in `call'
rack-cors (1.1.1) lib/rack/cors.rb:100:in `call'
railties (6.0.3.2) lib/rails/engine.rb:527:in `call'
puma (4.3.5) lib/puma/configuration.rb:228:in `call'
puma (4.3.5) lib/puma/server.rb:713:in `handle_request'
puma (4.3.5) lib/puma/server.rb:472:in `process_client'
puma (4.3.5) lib/puma/server.rb:328:in `block in run'
puma (4.3.5) lib/puma/thread_pool.rb:134:in `block in spawn_thread'
Started GET "/api/v1/categories" for ::1 at 2020-07-07 13:53:33 -0500
Processing by Api::V1::CategoriesController#index as HTML
[active_model_serializers] Rendered ActiveModel::Serializer::Null with Hash (0.56ms)
Filter chain halted as :logged_in? rendered or redirected
Completed 200 OK in 4ms (Views: 3.1ms | ActiveRecord: 0.0ms | Allocations: 219)


Started POST "/api/v1/login" for ::1 at 2020-07-07 13:57:18 -0500
Processing by Api::V1::AuthController#create as JSON
  Parameters: {"username"=>"cole", "password"=>"[FILTERED]", "auth"=>{"username"=>"cole", "password"=>"[FILTERED]"}}
  [1m[36mUser Load (8.2ms)[0m  [1m[34mSELECT "users".* FROM "users" WHERE "users"."username" = $1 LIMIT $2[0m  [["username", "cole"], ["LIMIT", 1]]
  ↳ app/controllers/api/v1/auth_controller.rb:8:in `create'
[active_model_serializers] Rendered ActiveModel::Serializer::Null with Hash (0.09ms)
Completed 200 OK in 103ms (Views: 0.6ms | ActiveRecord: 40.5ms | Allocations: 4217)


Started POST "/api/v1/users" for ::1 at 2020-07-07 13:57:30 -0500
Processing by Api::V1::UsersController#create as JSON
  Parameters: {"username"=>"cole", "password"=>"[FILTERED]", "user"=>{"username"=>"cole", "password"=>"[FILTERED]"}}
[31mUnpermitted parameter: :user[0m
  [1m[36mUser Exists? (0.3ms)[0m  [1m[34mSELECT 1 AS one FROM "users" WHERE "users"."username" = $1 LIMIT $2[0m  [["username", "cole"], ["LIMIT", 1]]
  ↳ app/controllers/api/v1/users_controller.rb:8:in `create'
  [1m[36mCACHE User Exists? (0.0ms)[0m  [1m[34mSELECT 1 AS one FROM "users" WHERE "users"."username" = $1 LIMIT $2[0m  [["username", "cole"], ["LIMIT", 1]]
  ↳ app/controllers/api/v1/users_controller.rb:9:in `create'
  [1m[35m (0.3ms)[0m  [1m[35mBEGIN[0m
  ↳ app/controllers/api/v1/users_controller.rb:9:in `create'
  [1m[36mUser Create (0.9ms)[0m  [1m[32mINSERT INTO "users" ("username", "password_digest", "created_at", "updated_at") VALUES ($1, $2, $3, $4) RETURNING "id"[0m  [["username", "cole"], ["password_digest", "$2a$12$4LA.QAbFpd6hwuLWUFvAM..Kj83r1UKHxF2k0GbaqbvfUO6ufdswu"], ["created_at", "2020-07-07 18:57:31.283802"], ["updated_at", "2020-07-07 18:57:31.283802"]]
  ↳ app/controllers/api/v1/users_controller.rb:9:in `create'
  [1m[35m (2.0ms)[0m  [1m[35mCOMMIT[0m
  ↳ app/controllers/api/v1/users_controller.rb:9:in `create'
[active_model_serializers] Rendered ActiveModel::Serializer::Null with Hash (15.15ms)
Completed 201 Created in 355ms (Views: 15.8ms | ActiveRecord: 31.2ms | Allocations: 10548)


Started POST "/api/v1/login" for ::1 at 2020-07-07 13:57:31 -0500
Processing by Api::V1::AuthController#create as JSON
  Parameters: {"username"=>"cole", "password"=>"[FILTERED]", "auth"=>{"username"=>"cole", "password"=>"[FILTERED]"}}
  [1m[36mUser Load (0.4ms)[0m  [1m[34mSELECT "users".* FROM "users" WHERE "users"."username" = $1 LIMIT $2[0m  [["username", "cole"], ["LIMIT", 1]]
  ↳ app/controllers/api/v1/auth_controller.rb:8:in `create'
[active_model_serializers] Rendered ActiveModel::Serializer::Null with Hash (0.09ms)
Completed 200 OK in 276ms (Views: 0.6ms | ActiveRecord: 0.4ms | Allocations: 899)


Started GET "/api/v1/categories" for ::1 at 2020-07-07 13:57:44 -0500
Processing by Api::V1::CategoriesController#index as */*
[active_model_serializers] Rendered ActiveModel::Serializer::Null with Hash (0.3ms)
Filter chain halted as :logged_in? rendered or redirected
Completed 200 OK in 2ms (Views: 1.3ms | ActiveRecord: 0.0ms | Allocations: 212)


Started GET "/api/v1/categories" for ::1 at 2020-07-07 13:58:30 -0500
Processing by Api::V1::CategoriesController#index as */*
[active_model_serializers] Rendered ActiveModel::Serializer::Null with Hash (0.13ms)
Filter chain halted as :logged_in? rendered or redirected
Completed 200 OK in 2ms (Views: 1.0ms | ActiveRecord: 0.0ms | Allocations: 212)


Started GET "/api/v1/categories" for ::1 at 2020-07-07 13:59:36 -0500
Processing by Api::V1::CategoriesController#index as */*
  [1m[36mUser Load (1.4ms)[0m  [1m[34mSELECT "users".* FROM "users" WHERE "users"."id" = $1 LIMIT $2[0m  [["id", 5], ["LIMIT", 1]]
  ↳ app/controllers/application_controller.rb:19:in `logged_in?'
  [1m[36mCategory Load (45.3ms)[0m  [1m[34mSELECT "categories".* FROM "categories"[0m
  ↳ app/controllers/api/v1/categories_controller.rb:4:in `index'
No serializer found for resource: #<Category id: 1, name: "Movie Scores", user_id: 1, created_at: "2020-07-07 14:15:44", updated_at: "2020-07-07 14:15:44">
[active_model_serializers] Rendered ActiveModel::Serializer::CollectionSerializer with Category::ActiveRecord_Relation (7.0ms)
Completed 200 OK in 410ms (Views: 299.3ms | ActiveRecord: 81.4ms | Allocations: 8285)


